A51 MACRO ASSEMBLER  PROGRAM1                                                             02/23/2023 11:05:08 PAGE     1


MACRO ASSEMBLER A51 V8.2.7.0
OBJECT MODULE PLACED IN .\Objects\program1.obj
ASSEMBLER INVOKED BY: C:\Keil_v5\C51\BIN\A51.EXE program1.asm SET(SMALL) DEBUG PRINT(.\Listings\program1.lst) OBJECT(.\O
                      bjects\program1.obj) EP

LOC  OBJ            LINE     SOURCE

0000                   1     ORG 0000H
0000 758901            2     MOV TMOD,#01H
0003 7590FF            3     again1:MOV P1,#0FFH
0006 110F              4     ACALL Delay
0008 759000            5     MOV P1,#00H
000B 110F              6     ACALL Delay
000D 80F4              7     SJMP again1
                       8     
000F 758A00            9     Delay:MOV TL0,#00H
0012 758CEE           10     MOV TH0,#0EEH
0015 D28C             11     SETB TR0
0017 308DFD           12     again:JNB TF0,again
001A C28C             13     CLR TR0
001C C28D             14     CLR TF0
001E 22               15     RET
                      16     END
A51 MACRO ASSEMBLER  PROGRAM1                                                             02/23/2023 11:05:08 PAGE     2

SYMBOL TABLE LISTING
------ ----- -------


N A M E             T Y P E  V A L U E   ATTRIBUTES

AGAIN. . . . . . .  C ADDR   0017H   A   
AGAIN1 . . . . . .  C ADDR   0003H   A   
DELAY. . . . . . .  C ADDR   000FH   A   
P1 . . . . . . . .  D ADDR   0090H   A   
TF0. . . . . . . .  B ADDR   0088H.5 A   
TH0. . . . . . . .  D ADDR   008CH   A   
TL0. . . . . . . .  D ADDR   008AH   A   
TMOD . . . . . . .  D ADDR   0089H   A   
TR0. . . . . . . .  B ADDR   0088H.4 A   


REGISTER BANK(S) USED: 0 


ASSEMBLY COMPLETE.  0 WARNING(S), 0 ERROR(S)
