A51 MACRO ASSEMBLER  PROGRAM2                                                             02/22/2023 20:09:30 PAGE     1


MACRO ASSEMBLER A51 V8.2.7.0
OBJECT MODULE PLACED IN .\Objects\program2.obj
ASSEMBLER INVOKED BY: C:\Keil_v5\C51\BIN\A51.EXE program2.asm SET(SMALL) DEBUG PRINT(.\Listings\program2.lst) OBJECT(.\O
                      bjects\program2.obj) EP

LOC  OBJ            LINE     SOURCE

                       1     
0000 7840              2     MOV R0,#40H
0002 7951              3     MOV R1,#51H
0004 E6                4     MOV A,@R0
0005 FA                5     MOV R2,A
0006 08                6     INC R0
0007 E6                7     BACK: MOV A,@R0
0008 C7                8     XCH A,@R1
0009 F6                9     MOV @R0,A
000A 08               10     INC R0
000B 09               11     INC R1
000C DAF9             12     DJNZ R2,BACK
                      13     END
A51 MACRO ASSEMBLER  PROGRAM2                                                             02/22/2023 20:09:30 PAGE     2

SYMBOL TABLE LISTING
------ ----- -------


N A M E             T Y P E  V A L U E   ATTRIBUTES

BACK . . . . . . .  C ADDR   0007H   A   


REGISTER BANK(S) USED: 0 


ASSEMBLY COMPLETE.  0 WARNING(S), 0 ERROR(S)
